<?xml version="1.0" encoding="UTF-8"?>
<!-- Generated by org.testng.reporters.JUnitXMLReporter -->
<testsuite hostname="menyz.local" name="Test Sign-in Successful(failed)" tests="1" failures="1" timestamp="7 Apr 2014 05:40:43 GMT" time="66.848" errors="0">
  <testcase name="testChangePassword" time="66.644" classname="com.pp.webui.auto.SanityTests">
    <failure type="java.lang.NullPointerException">
      <![CDATA[java.lang.NullPointerException
	at com.google.common.base.Preconditions.checkNotNull(Preconditions.java:192)
	at org.openqa.selenium.support.ui.Duration.<init>(Duration.java:42)
	at org.openqa.selenium.support.ui.FluentWait.withTimeout(FluentWait.java:108)
	at com.pp.webui.auto.GenericMethods.findByIdAndClick(GenericMethods.java:154)
	at com.pp.webui.auto.GenericMethods.webUILogin(GenericMethods.java:121)
	at com.pp.webui.auto.SanityTests.testChangePassword(SanityTests.java:318)
... Removed 24 stack frames]]>
    </failure>
  </testcase> <!-- testChangePassword -->
</testsuite> <!-- Test Sign-in Successful(failed) -->
