<?xml version="1.0" encoding="UTF-8"?>
<testng-results skipped="3" failed="0" total="3" passed="0">
  <reporter-output>
  </reporter-output>
  <suite name="Default suite" duration-ms="536" started-at="2014-09-03T08:24:20Z" finished-at="2014-09-03T08:24:20Z">
    <groups>
      <group name="Sanity Native iOS">
        <method signature="sanityNativeIosAppium.testCreatefolder()[pri:0, instance:com.pp.webui.auto.sanityNativeIosAppium@3d03b5b]" name="testCreatefolder" class="com.pp.webui.auto.sanityNativeIosAppium"/>
        <method signature="sanityNativeIosAppium.testLogin()[pri:0, instance:com.pp.webui.auto.sanityNativeIosAppium@3d03b5b]" name="testLogin" class="com.pp.webui.auto.sanityNativeIosAppium"/>
        <method signature="sanityNativeIosAppium.testUploadImage()[pri:0, instance:com.pp.webui.auto.sanityNativeIosAppium@3d03b5b]" name="testUploadImage" class="com.pp.webui.auto.sanityNativeIosAppium"/>
      </group> <!-- Sanity Native iOS -->
    </groups>
    <test name="Default test" duration-ms="536" started-at="2014-09-03T08:24:20Z" finished-at="2014-09-03T08:24:20Z">
      <class name="com.pp.webui.auto.sanityNativeIosAppium">
        <test-method status="PASS" signature="setupBeforeSuite(org.testng.ITestContext)[pri:0, instance:com.pp.webui.auto.sanityNativeIosAppium@3d03b5b]" name="setupBeforeSuite" is-config="true" duration-ms="1012" started-at="2014-09-03T11:24:19Z" finished-at="2014-09-03T11:24:20Z">
          <params>
            <param index="0">
              <value>
                <![CDATA[org.testng.TestRunner@28fed5b1]]>
              </value>
            </param>
          </params>
          <reporter-output>
          </reporter-output>
        </test-method> <!-- setupBeforeSuite -->
        <test-method status="FAIL" signature="checkHomeScreen()[pri:0, instance:com.pp.webui.auto.sanityNativeIosAppium@3d03b5b]" name="checkHomeScreen" is-config="true" duration-ms="0" started-at="2014-09-03T11:24:20Z" finished-at="2014-09-03T11:24:20Z">
          <exception class="java.lang.NullPointerException">
            <full-stacktrace>
              <![CDATA[java.lang.NullPointerException
	at com.pp.webui.auto.GenericMethods.takeScreenShotNative(GenericMethods.java:239)
	at com.pp.webui.auto.GenericMethods.isElementVisibleNative(GenericMethods.java:922)
	at com.pp.webui.auto.sanityNativeIosAppium.checkHomeScreen(sanityNativeIosAppium.java:73)
	at sun.reflect.NativeMethodAccessorImpl.invoke0(Native Method)
	at sun.reflect.NativeMethodAccessorImpl.invoke(NativeMethodAccessorImpl.java:57)
	at sun.reflect.DelegatingMethodAccessorImpl.invoke(DelegatingMethodAccessorImpl.java:43)
	at java.lang.reflect.Method.invoke(Method.java:606)
	at org.testng.internal.MethodInvocationHelper.invokeMethod(MethodInvocationHelper.java:84)
	at org.testng.internal.Invoker.invokeConfigurationMethod(Invoker.java:564)
	at org.testng.internal.Invoker.invokeConfigurations(Invoker.java:213)
	at org.testng.internal.Invoker.invokeMethod(Invoker.java:653)
	at org.testng.internal.Invoker.invokeTestMethod(Invoker.java:901)
	at org.testng.internal.Invoker.invokeTestMethods(Invoker.java:1231)
	at org.testng.internal.TestMethodWorker.invokeTestMethods(TestMethodWorker.java:127)
	at org.testng.internal.TestMethodWorker.run(TestMethodWorker.java:111)
	at org.testng.TestRunner.privateRun(TestRunner.java:767)
	at org.testng.TestRunner.run(TestRunner.java:617)
	at org.testng.SuiteRunner.runTest(SuiteRunner.java:334)
	at org.testng.SuiteRunner.runSequentially(SuiteRunner.java:329)
	at org.testng.SuiteRunner.privateRun(SuiteRunner.java:291)
	at org.testng.SuiteRunner.run(SuiteRunner.java:240)
	at org.testng.SuiteRunnerWorker.runSuite(SuiteRunnerWorker.java:52)
	at org.testng.SuiteRunnerWorker.run(SuiteRunnerWorker.java:86)
	at org.testng.TestNG.runSuitesSequentially(TestNG.java:1224)
	at org.testng.TestNG.runSuitesLocally(TestNG.java:1149)
	at org.testng.TestNG.run(TestNG.java:1057)
	at org.testng.remote.RemoteTestNG.run(RemoteTestNG.java:111)
	at org.testng.remote.RemoteTestNG.initAndRun(RemoteTestNG.java:204)
	at org.testng.remote.RemoteTestNG.main(RemoteTestNG.java:175)
]]>
            </full-stacktrace>
          </exception> <!-- java.lang.NullPointerException -->
          <reporter-output>
          </reporter-output>
        </test-method> <!-- checkHomeScreen -->
        <test-method status="SKIP" signature="testCreatefolder()[pri:0, instance:com.pp.webui.auto.sanityNativeIosAppium@3d03b5b]" name="testCreatefolder" duration-ms="2" started-at="2014-09-03T11:24:20Z" description="Test the Create folder with iOS" finished-at="2014-09-03T11:24:20Z">
          <reporter-output>
          </reporter-output>
        </test-method> <!-- testCreatefolder -->
        <test-method status="SKIP" signature="tearDown()[pri:0, instance:com.pp.webui.auto.sanityNativeIosAppium@3d03b5b]" name="tearDown" is-config="true" duration-ms="0" started-at="2014-09-03T11:24:20Z" finished-at="2014-09-03T11:24:20Z">
          <reporter-output>
          </reporter-output>
        </test-method> <!-- tearDown -->
        <test-method status="SKIP" signature="checkHomeScreen()[pri:0, instance:com.pp.webui.auto.sanityNativeIosAppium@3d03b5b]" name="checkHomeScreen" is-config="true" duration-ms="0" started-at="2014-09-03T11:24:20Z" finished-at="2014-09-03T11:24:20Z">
          <reporter-output>
          </reporter-output>
        </test-method> <!-- checkHomeScreen -->
        <test-method status="SKIP" signature="testLogin()[pri:0, instance:com.pp.webui.auto.sanityNativeIosAppium@3d03b5b]" name="testLogin" duration-ms="1" started-at="2014-09-03T11:24:20Z" description="Test the Login with iOS" finished-at="2014-09-03T11:24:20Z">
          <reporter-output>
          </reporter-output>
        </test-method> <!-- testLogin -->
        <test-method status="SKIP" signature="tearDown()[pri:0, instance:com.pp.webui.auto.sanityNativeIosAppium@3d03b5b]" name="tearDown" is-config="true" duration-ms="0" started-at="2014-09-03T11:24:20Z" finished-at="2014-09-03T11:24:20Z">
          <reporter-output>
          </reporter-output>
        </test-method> <!-- tearDown -->
        <test-method status="SKIP" signature="testUploadImage()[pri:0, instance:com.pp.webui.auto.sanityNativeIosAppium@3d03b5b]" name="testUploadImage" duration-ms="4" started-at="2014-09-03T11:24:20Z" description="Test the upload image" finished-at="2014-09-03T11:24:20Z">
          <reporter-output>
          </reporter-output>
        </test-method> <!-- testUploadImage -->
        <test-method status="SKIP" signature="checkHomeScreen()[pri:0, instance:com.pp.webui.auto.sanityNativeIosAppium@3d03b5b]" name="checkHomeScreen" is-config="true" duration-ms="0" started-at="2014-09-03T11:24:20Z" finished-at="2014-09-03T11:24:20Z">
          <reporter-output>
          </reporter-output>
        </test-method> <!-- checkHomeScreen -->
        <test-method status="SKIP" signature="tearDown()[pri:0, instance:com.pp.webui.auto.sanityNativeIosAppium@3d03b5b]" name="tearDown" is-config="true" duration-ms="0" started-at="2014-09-03T11:24:20Z" finished-at="2014-09-03T11:24:20Z">
          <reporter-output>
          </reporter-output>
        </test-method> <!-- tearDown -->
        <test-method status="SKIP" signature="tearDown()[pri:0, instance:com.pp.webui.auto.sanityNativeIosAppium@3d03b5b]" name="tearDown" is-config="true" duration-ms="0" started-at="2014-09-03T11:24:20Z" finished-at="2014-09-03T11:24:20Z">
          <reporter-output>
          </reporter-output>
        </test-method> <!-- tearDown -->
        <test-method status="FAIL" signature="sendMail()[pri:0, instance:com.pp.webui.auto.sanityNativeIosAppium@3d03b5b]" name="sendMail" is-config="true" duration-ms="0" started-at="2014-09-03T11:24:20Z" finished-at="2014-09-03T11:24:20Z">
          <exception class="java.lang.NullPointerException">
            <full-stacktrace>
              <![CDATA[java.lang.NullPointerException
	at com.pp.webui.auto.sanityNativeIosAppium.sendMail(sanityNativeIosAppium.java:296)
	at sun.reflect.NativeMethodAccessorImpl.invoke0(Native Method)
	at sun.reflect.NativeMethodAccessorImpl.invoke(NativeMethodAccessorImpl.java:57)
	at sun.reflect.DelegatingMethodAccessorImpl.invoke(DelegatingMethodAccessorImpl.java:43)
	at java.lang.reflect.Method.invoke(Method.java:606)
	at org.testng.internal.MethodInvocationHelper.invokeMethod(MethodInvocationHelper.java:84)
	at org.testng.internal.Invoker.invokeConfigurationMethod(Invoker.java:564)
	at org.testng.internal.Invoker.invokeConfigurations(Invoker.java:213)
	at org.testng.internal.Invoker.invokeConfigurations(Invoker.java:138)
	at org.testng.SuiteRunner.privateRun(SuiteRunner.java:308)
	at org.testng.SuiteRunner.run(SuiteRunner.java:240)
	at org.testng.SuiteRunnerWorker.runSuite(SuiteRunnerWorker.java:52)
	at org.testng.SuiteRunnerWorker.run(SuiteRunnerWorker.java:86)
	at org.testng.TestNG.runSuitesSequentially(TestNG.java:1224)
	at org.testng.TestNG.runSuitesLocally(TestNG.java:1149)
	at org.testng.TestNG.run(TestNG.java:1057)
	at org.testng.remote.RemoteTestNG.run(RemoteTestNG.java:111)
	at org.testng.remote.RemoteTestNG.initAndRun(RemoteTestNG.java:204)
	at org.testng.remote.RemoteTestNG.main(RemoteTestNG.java:175)
]]>
            </full-stacktrace>
          </exception> <!-- java.lang.NullPointerException -->
          <reporter-output>
          </reporter-output>
        </test-method> <!-- sendMail -->
      </class> <!-- com.pp.webui.auto.sanityNativeIosAppium -->
    </test> <!-- Default test -->
  </suite> <!-- Default suite -->
</testng-results>
