<?xml version="1.0" encoding="UTF-8"?>
<!-- Generated by org.testng.reporters.JUnitXMLReporter -->
<testsuite hostname="menyz.local" name="Default test" tests="14" failures="0" timestamp="2 Jan 2015 13:13:17 GMT" time="0.063" errors="0">
  <testcase name="@BeforeSuite setupBeforeSuite" time="0.0" classname="com.pp.ios.auto.SanityIos">
    <failure type="org.openqa.selenium.remote.UnreachableBrowserException" message="Could not start a new session. Possible causes are invalid address of the remote server or browser start-up failure.
Build info: version: &amp;apos;2.44.0&amp;apos;, revision: &amp;apos;76d78cf&amp;apos;, time: &amp;apos;2014-10-23 20:03:00&amp;apos;
System info: host: &amp;apos;menyz.local&amp;apos;, ip: &amp;apos;192.168.1.101&amp;apos;, os.name: &amp;apos;Mac OS X&amp;apos;, os.arch: &amp;apos;x86_64&amp;apos;, os.version: &amp;apos;10.9.5&amp;apos;, java.version: &amp;apos;1.8.0_11&amp;apos;
Driver info: driver.version: IOSDriver">
      <![CDATA[org.openqa.selenium.remote.UnreachableBrowserException: Could not start a new session. Possible causes are invalid address of the remote server or browser start-up failure.
Build info: version: '2.44.0', revision: '76d78cf', time: '2014-10-23 20:03:00'
System info: host: 'menyz.local', ip: '192.168.1.101', os.name: 'Mac OS X', os.arch: 'x86_64', os.version: '10.9.5', java.version: '1.8.0_11'
Driver info: driver.version: IOSDriver
	at org.openqa.selenium.remote.RemoteWebDriver.execute(RemoteWebDriver.java:593)
	at io.appium.java_client.AppiumDriver.execute(AppiumDriver.java:180)
	at org.openqa.selenium.remote.RemoteWebDriver.startSession(RemoteWebDriver.java:240)
	at org.openqa.selenium.remote.RemoteWebDriver.<init>(RemoteWebDriver.java:126)
	at org.openqa.selenium.remote.RemoteWebDriver.<init>(RemoteWebDriver.java:153)
	at io.appium.java_client.AppiumDriver.<init>(AppiumDriver.java:109)
	at io.appium.java_client.ios.IOSDriver.<init>(IOSDriver.java:23)
	at com.pp.ios.auto.GenericMethods.setCapabilitiesIos(GenericMethods.java:190)
	at com.pp.ios.auto.SanityIos.setupBeforeSuite(SanityIos.java:49)
	at sun.reflect.NativeMethodAccessorImpl.invoke0(Native Method)
	at sun.reflect.NativeMethodAccessorImpl.invoke(NativeMethodAccessorImpl.java:62)
	at sun.reflect.DelegatingMethodAccessorImpl.invoke(DelegatingMethodAccessorImpl.java:43)
	at java.lang.reflect.Method.invoke(Method.java:483)
	at org.testng.internal.MethodInvocationHelper.invokeMethod(MethodInvocationHelper.java:84)
	at org.testng.internal.Invoker.invokeConfigurationMethod(Invoker.java:564)
	at org.testng.internal.Invoker.invokeConfigurations(Invoker.java:213)
	at org.testng.internal.Invoker.invokeConfigurations(Invoker.java:138)
	at org.testng.SuiteRunner.privateRun(SuiteRunner.java:277)
	at org.testng.SuiteRunner.run(SuiteRunner.java:240)
	at org.testng.SuiteRunnerWorker.runSuite(SuiteRunnerWorker.java:52)
	at org.testng.SuiteRunnerWorker.run(SuiteRunnerWorker.java:86)
	at org.testng.TestNG.runSuitesSequentially(TestNG.java:1224)
	at org.testng.TestNG.runSuitesLocally(TestNG.java:1149)
	at org.testng.TestNG.run(TestNG.java:1057)
	at org.testng.remote.RemoteTestNG.run(RemoteTestNG.java:111)
	at org.testng.remote.RemoteTestNG.initAndRun(RemoteTestNG.java:204)
	at org.testng.remote.RemoteTestNG.main(RemoteTestNG.java:175)
Caused by: org.apache.http.conn.HttpHostConnectException: Connect to 127.0.0.1:4723 [/127.0.0.1] failed: Connection refused
	at org.apache.http.impl.conn.HttpClientConnectionOperator.connect(HttpClientConnectionOperator.java:140)
	at org.apache.http.impl.conn.PoolingHttpClientConnectionManager.connect(PoolingHttpClientConnectionManager.java:318)
	at org.apache.http.impl.execchain.MainClientExec.establishRoute(MainClientExec.java:363)
	at org.apache.http.impl.execchain.MainClientExec.execute(MainClientExec.java:219)
	at org.apache.http.impl.execchain.ProtocolExec.execute(ProtocolExec.java:195)
	at org.apache.http.impl.execchain.RetryExec.execute(RetryExec.java:86)
	at org.apache.http.impl.execchain.RedirectExec.execute(RedirectExec.java:108)
	at org.apache.http.impl.client.InternalHttpClient.doExecute(InternalHttpClient.java:184)
	at org.apache.http.impl.client.CloseableHttpClient.execute(CloseableHttpClient.java:72)
	at org.apache.http.impl.client.CloseableHttpClient.execute(CloseableHttpClient.java:57)
	at org.openqa.selenium.remote.HttpCommandExecutor.fallBackExecute(HttpCommandExecutor.java:215)
	at org.openqa.selenium.remote.HttpCommandExecutor.execute(HttpCommandExecutor.java:184)
	at org.openqa.selenium.remote.RemoteWebDriver.execute(RemoteWebDriver.java:572)
	... 26 more
Caused by: java.net.ConnectException: Connection refused
	at java.net.PlainSocketImpl.socketConnect(Native Method)
	at java.net.AbstractPlainSocketImpl.doConnect(AbstractPlainSocketImpl.java:345)
	at java.net.AbstractPlainSocketImpl.connectToAddress(AbstractPlainSocketImpl.java:206)
	at java.net.AbstractPlainSocketImpl.connect(AbstractPlainSocketImpl.java:188)
	at java.net.SocksSocketImpl.connect(SocksSocketImpl.java:392)
	at java.net.Socket.connect(Socket.java:589)
	at org.apache.http.conn.socket.PlainConnectionSocketFactory.connectSocket(PlainConnectionSocketFactory.java:72)
	at org.apache.http.impl.conn.HttpClientConnectionOperator.connect(HttpClientConnectionOperator.java:123)
	... 38 more
]]>
    </failure>
  </testcase> <!-- @BeforeSuite setupBeforeSuite -->
  <testcase name="@BeforeMethod checkHomeScreen" time="0.0" classname="com.pp.ios.auto.SanityIos">
    <skipped/>
  </testcase> <!-- @BeforeMethod checkHomeScreen -->
  <testcase name="@BeforeMethod checkHomeScreen" time="0.0" classname="com.pp.ios.auto.SanityIos">
    <skipped/>
  </testcase> <!-- @BeforeMethod checkHomeScreen -->
  <testcase name="@BeforeMethod checkHomeScreen" time="0.0" classname="com.pp.ios.auto.SanityIos">
    <skipped/>
  </testcase> <!-- @BeforeMethod checkHomeScreen -->
  <testcase name="@BeforeMethod checkHomeScreen" time="0.0" classname="com.pp.ios.auto.SanityIos">
    <skipped/>
  </testcase> <!-- @BeforeMethod checkHomeScreen -->
  <testcase name="@BeforeMethod checkHomeScreen" time="0.0" classname="com.pp.ios.auto.SanityIos">
    <skipped/>
  </testcase> <!-- @BeforeMethod checkHomeScreen -->
  <testcase name="@BeforeMethod checkHomeScreen" time="0.0" classname="com.pp.ios.auto.SanityIos">
    <skipped/>
  </testcase> <!-- @BeforeMethod checkHomeScreen -->
  <testcase name="@BeforeMethod checkHomeScreen" time="0.0" classname="com.pp.ios.auto.SanityIos">
    <skipped/>
  </testcase> <!-- @BeforeMethod checkHomeScreen -->
  <testcase name="@BeforeMethod checkHomeScreen" time="0.0" classname="com.pp.ios.auto.SanityIos">
    <skipped/>
  </testcase> <!-- @BeforeMethod checkHomeScreen -->
  <testcase name="@BeforeMethod checkHomeScreen" time="0.0" classname="com.pp.ios.auto.SanityIos">
    <skipped/>
  </testcase> <!-- @BeforeMethod checkHomeScreen -->
  <testcase name="@BeforeMethod checkHomeScreen" time="0.0" classname="com.pp.ios.auto.SanityIos">
    <skipped/>
  </testcase> <!-- @BeforeMethod checkHomeScreen -->
  <testcase name="@BeforeMethod checkHomeScreen" time="0.0" classname="com.pp.ios.auto.SanityIos">
    <skipped/>
  </testcase> <!-- @BeforeMethod checkHomeScreen -->
  <testcase name="@BeforeMethod checkHomeScreen" time="0.0" classname="com.pp.ios.auto.SanityIos">
    <skipped/>
  </testcase> <!-- @BeforeMethod checkHomeScreen -->
  <testcase name="@BeforeMethod checkHomeScreen" time="0.0" classname="com.pp.ios.auto.SanityIos">
    <skipped/>
  </testcase> <!-- @BeforeMethod checkHomeScreen -->
  <testcase name="@BeforeMethod checkHomeScreen" time="0.0" classname="com.pp.ios.auto.SanityIos">
    <skipped/>
  </testcase> <!-- @BeforeMethod checkHomeScreen -->
  <testcase name="Favorites" time="0.001" classname="com.pp.ios.auto.SanityIos">
    <skipped/>
  </testcase> <!-- Favorites -->
  <testcase name="addRemoveTeamFolders" time="0.0" classname="com.pp.ios.auto.SanityIos">
    <skipped/>
  </testcase> <!-- addRemoveTeamFolders -->
  <testcase name="backupInBackground" time="0.001" classname="com.pp.ios.auto.SanityIos">
    <skipped/>
  </testcase> <!-- backupInBackground -->
  <testcase name="badCredentials" time="0.004" classname="com.pp.ios.auto.SanityIos">
    <skipped/>
  </testcase> <!-- badCredentials -->
  <testcase name="createNewUser" time="0.0" classname="com.pp.ios.auto.SanityIos">
    <skipped/>
  </testcase> <!-- createNewUser -->
  <testcase name="foregroundBackgroundSwith" time="0.004" classname="com.pp.ios.auto.SanityIos">
    <skipped/>
  </testcase> <!-- foregroundBackgroundSwith -->
  <testcase name="search" time="0.0" classname="com.pp.ios.auto.SanityIos">
    <skipped/>
  </testcase> <!-- search -->
  <testcase name="settingsBackupEnableDisable" time="0.0" classname="com.pp.ios.auto.SanityIos">
    <skipped/>
  </testcase> <!-- settingsBackupEnableDisable -->
  <testcase name="settingsBackupEnableDisableDuringUpload" time="0.001" classname="com.pp.ios.auto.SanityIos">
    <skipped/>
  </testcase> <!-- settingsBackupEnableDisableDuringUpload -->
  <testcase name="settingsPasscodeSanity" time="0.0" classname="com.pp.ios.auto.SanityIos">
    <skipped/>
  </testcase> <!-- settingsPasscodeSanity -->
  <testcase name="settingsSaveLoginSanity" time="0.001" classname="com.pp.ios.auto.SanityIos">
    <skipped/>
  </testcase> <!-- settingsSaveLoginSanity -->
  <testcase name="testCreatefolder" time="0.0" classname="com.pp.ios.auto.SanityIos">
    <skipped/>
  </testcase> <!-- testCreatefolder -->
  <testcase name="testTour" time="0.001" classname="com.pp.ios.auto.SanityIos">
    <skipped/>
  </testcase> <!-- testTour -->
  <testcase name="uploadExistingPotos" time="0.0" classname="com.pp.ios.auto.SanityIos">
    <skipped/>
  </testcase> <!-- uploadExistingPotos -->
</testsuite> <!-- Default test -->
