<?xml version="1.0" encoding="UTF-8"?>
<!-- Generated by org.testng.reporters.JUnitXMLReporter -->
<testsuite hostname="menyz.local" name="Sanity Tests" tests="1" failures="0" timestamp="30 Nov 2014 21:13:59 GMT" time="0.044" errors="0">
  <testcase name="@BeforeSuite setupBeforeSuite" time="0.0" classname="com.pp.ios.auto.sanityIos">
    <failure type="org.openqa.selenium.SessionNotCreatedException" message="A new session could not be created. (Original error: Log capture did not start in a reasonable amount of time) (WARNING: The server did not provide any stacktrace information)
Command duration or timeout: 12.36 seconds
Build info: version: &amp;apos;2.42.2&amp;apos;, revision: &amp;apos;6a6995d&amp;apos;, time: &amp;apos;2014-06-03 17:42:30&amp;apos;
System info: host: &amp;apos;menyz.local&amp;apos;, ip: &amp;apos;192.168.1.104&amp;apos;, os.name: &amp;apos;Mac OS X&amp;apos;, os.arch: &amp;apos;x86_64&amp;apos;, os.version: &amp;apos;10.9.5&amp;apos;, java.version: &amp;apos;1.8.0_11&amp;apos;
Driver info: io.appium.java_client.AppiumDriver">
      <![CDATA[org.openqa.selenium.SessionNotCreatedException: A new session could not be created. (Original error: Log capture did not start in a reasonable amount of time) (WARNING: The server did not provide any stacktrace information)
Command duration or timeout: 12.36 seconds
Build info: version: '2.42.2', revision: '6a6995d', time: '2014-06-03 17:42:30'
System info: host: 'menyz.local', ip: '192.168.1.104', os.name: 'Mac OS X', os.arch: 'x86_64', os.version: '10.9.5', java.version: '1.8.0_11'
Driver info: io.appium.java_client.AppiumDriver
	at org.openqa.selenium.remote.ErrorHandler.createThrowable(ErrorHandler.java:204)
	at org.openqa.selenium.remote.ErrorHandler.throwIfResponseFailed(ErrorHandler.java:156)
	at org.openqa.selenium.remote.RemoteWebDriver.execute(RemoteWebDriver.java:599)
	at io.appium.java_client.AppiumDriver.execute(AppiumDriver.java:102)
	at org.openqa.selenium.remote.RemoteWebDriver.startSession(RemoteWebDriver.java:240)
	at org.openqa.selenium.remote.RemoteWebDriver.<init>(RemoteWebDriver.java:126)
	at org.openqa.selenium.remote.RemoteWebDriver.<init>(RemoteWebDriver.java:153)
	at io.appium.java_client.AppiumDriver.<init>(AppiumDriver.java:53)
	at com.pp.ios.auto.GenericMethods.setCapabilitiesIos(GenericMethods.java:180)
	at com.pp.ios.auto.sanityIos.setupBeforeSuite(sanityIos.java:43)
... Removed 22 stack frames]]>
    </failure>
  </testcase> <!-- @BeforeSuite setupBeforeSuite -->
  <testcase name="@BeforeMethod checkHomeScreen" time="0.0" classname="com.pp.ios.auto.sanityIos">
    <skipped/>
  </testcase> <!-- @BeforeMethod checkHomeScreen -->
  <testcase name="testCreatefolder" time="0.001" classname="com.pp.ios.auto.sanityIos">
    <skipped/>
  </testcase> <!-- testCreatefolder -->
</testsuite> <!-- Sanity Tests -->
