<?xml version="1.0" encoding="UTF-8"?>
<!-- Generated by org.testng.reporters.JUnitXMLReporter -->
<testsuite hostname="menyz.local" name="Test" tests="2" failures="2" timestamp="3 Sep 2014 11:53:09 GMT" time="362.504" errors="0">
  <testcase name="testCreatefolder" time="0.095" classname="com.pp.webui.auto.sanityNativeIosAppium">
    <failure type="java.lang.AssertionError" message="left didn&amp;apos;t display">
      <![CDATA[java.lang.AssertionError: left didn't display
	at com.pp.webui.auto.GenericMethods.clickName(GenericMethods.java:608)
	at com.pp.webui.auto.sanityNativeIosAppium.testCreatefolder(sanityNativeIosAppium.java:180)
... Removed 25 stack frames]]>
    </failure>
  </testcase> <!-- testCreatefolder -->
  <testcase name="testUploadImage" time="362.38" classname="com.pp.webui.auto.sanityNativeIosAppium">
    <failure type="java.lang.AssertionError" message="Pogoplug Cloud, Unlimited didn&amp;apos;t display">
      <![CDATA[java.lang.AssertionError: Pogoplug Cloud, Unlimited didn't display
	at com.pp.webui.auto.GenericMethods.clickName(GenericMethods.java:608)
	at com.pp.webui.auto.sanityNativeIosAppium.testUploadImage(sanityNativeIosAppium.java:248)
... Removed 25 stack frames]]>
    </failure>
  </testcase> <!-- testUploadImage -->
</testsuite> <!-- Test -->
