<?xml version="1.0" encoding="UTF-8"?>
<!-- Generated by org.testng.reporters.JUnitXMLReporter -->
<testsuite hostname="menyz.local" name="Sanity Tests(failed)" tests="1" failures="0" timestamp="29 Nov 2014 16:57:29 GMT" time="0.019" errors="0">
  <testcase name="@BeforeSuite setupBeforeSuite" time="0.0" classname="com.pp.ios.auto.sanityIos">
    <failure type="java.io.FileNotFoundException" message="/Users/qa/cloudengines-iosautomation/nulliOStestDataENG.xml (No such file or directory)">
      <![CDATA[java.io.FileNotFoundException: /Users/qa/cloudengines-iosautomation/nulliOStestDataENG.xml (No such file or directory)
	at java.io.FileInputStream.open(Native Method)
	at java.io.FileInputStream.<init>(FileInputStream.java:131)
	at java.io.FileInputStream.<init>(FileInputStream.java:87)
	at sun.net.www.protocol.file.FileURLConnection.connect(FileURLConnection.java:90)
	at sun.net.www.protocol.file.FileURLConnection.getInputStream(FileURLConnection.java:188)
	at org.apache.xerces.impl.XMLEntityManager.setupCurrentEntity(Unknown Source)
	at org.apache.xerces.impl.XMLVersionDetector.determineDocVersion(Unknown Source)
	at org.apache.xerces.parsers.XML11Configuration.parse(Unknown Source)
	at org.apache.xerces.parsers.XML11Configuration.parse(Unknown Source)
	at org.apache.xerces.parsers.XMLParser.parse(Unknown Source)
	at org.apache.xerces.parsers.DOMParser.parse(Unknown Source)
	at org.apache.xerces.jaxp.DocumentBuilderImpl.parse(Unknown Source)
	at javax.xml.parsers.DocumentBuilder.parse(DocumentBuilder.java:205)
	at com.pp.ios.auto.xmlHandel.readIosXml(xmlHandel.java:33)
	at com.pp.ios.auto.webElementsIos.<init>(webElementsIos.java:181)
	at com.pp.ios.auto.GenericMethods.iOSelementInit(GenericMethods.java:345)
	at com.pp.ios.auto.sanityIos.setupBeforeSuite(sanityIos.java:32)
... Removed 18 stack frames]]>
    </failure>
  </testcase> <!-- @BeforeSuite setupBeforeSuite -->
  <testcase name="@BeforeMethod checkHomeScreen" time="0.0" classname="com.pp.ios.auto.sanityIos">
    <skipped/>
  </testcase> <!-- @BeforeMethod checkHomeScreen -->
  <testcase name="testCreatefolder" time="0.001" classname="com.pp.ios.auto.sanityIos">
    <skipped/>
  </testcase> <!-- testCreatefolder -->
</testsuite> <!-- Sanity Tests(failed) -->
