<?xml version="1.0" encoding="UTF-8"?>
<testng-results skipped="0" failed="0" total="1" passed="1">
  <reporter-output>
  </reporter-output>
  <suite name="Suite" duration-ms="555496" started-at="2014-11-15T06:05:30Z" finished-at="2014-11-15T06:14:45Z">
    <groups>
      <group name="Sanity Native iOS now">
        <method signature="sanityNativeIosAppium.settingsBackupEnableDisableDuringUpload()[pri:0, instance:com.pp.ios.auto.sanityNativeIosAppium@1a0dcaa]" name="settingsBackupEnableDisableDuringUpload" class="com.pp.ios.auto.sanityNativeIosAppium"/>
      </group> <!-- Sanity Native iOS now -->
    </groups>
    <test name="Sanity Tests" duration-ms="555496" started-at="2014-11-15T06:05:30Z" finished-at="2014-11-15T06:14:45Z">
      <class name="com.pp.ios.auto.sanityNativeIosAppium">
        <test-method status="PASS" signature="setupBeforeSuite(org.testng.ITestContext)[pri:0, instance:com.pp.ios.auto.sanityNativeIosAppium@1a0dcaa]" name="setupBeforeSuite" is-config="true" duration-ms="112776" started-at="2014-11-15T08:03:37Z" finished-at="2014-11-15T08:05:30Z">
          <params>
            <param index="0">
              <value>
                <![CDATA[org.testng.TestRunner@72e34f77]]>
              </value>
            </param>
          </params>
          <reporter-output>
          </reporter-output>
        </test-method> <!-- setupBeforeSuite -->
        <test-method status="PASS" signature="checkHomeScreen()[pri:0, instance:com.pp.ios.auto.sanityNativeIosAppium@1a0dcaa]" name="checkHomeScreen" is-config="true" duration-ms="2409" started-at="2014-11-15T08:05:30Z" finished-at="2014-11-15T08:05:32Z">
          <reporter-output>
          </reporter-output>
        </test-method> <!-- checkHomeScreen -->
        <test-method status="PASS" signature="settingsBackupEnableDisableDuringUpload()[pri:0, instance:com.pp.ios.auto.sanityNativeIosAppium@1a0dcaa]" name="settingsBackupEnableDisableDuringUpload" duration-ms="553072" started-at="2014-11-15T08:05:32Z" description="Settings: Backup Enable/disable *with upload in the background" finished-at="2014-11-15T08:14:45Z">
          <reporter-output>
          </reporter-output>
        </test-method> <!-- settingsBackupEnableDisableDuringUpload -->
        <test-method status="PASS" signature="sendMail()[pri:0, instance:com.pp.ios.auto.sanityNativeIosAppium@1a0dcaa]" name="sendMail" is-config="true" duration-ms="1335" started-at="2014-11-15T08:14:46Z" finished-at="2014-11-15T08:14:47Z">
          <reporter-output>
          </reporter-output>
        </test-method> <!-- sendMail -->
      </class> <!-- com.pp.ios.auto.sanityNativeIosAppium -->
    </test> <!-- Sanity Tests -->
  </suite> <!-- Suite -->
</testng-results>
