<?xml version="1.0" encoding="UTF-8"?>
<testng-results skipped="0" failed="0" total="1" passed="1">
  <reporter-output>
  </reporter-output>
  <suite name="Suite" duration-ms="497664" started-at="2015-02-16T13:43:14Z" finished-at="2015-02-16T13:51:31Z">
    <groups>
      <group name="Sanity iOS1">
        <method signature="SanityIos.settingsBackupEnableDisableDuringUpload()[pri:0, instance:com.pp.ios.auto.SanityIos@a4102b8]" name="settingsBackupEnableDisableDuringUpload" class="com.pp.ios.auto.SanityIos"/>
      </group> <!-- Sanity iOS1 -->
    </groups>
    <test name="Sanity Tests" duration-ms="497664" started-at="2015-02-16T13:43:14Z" finished-at="2015-02-16T13:51:31Z">
      <class name="com.pp.ios.auto.SanityIos">
        <test-method status="PASS" signature="setupBeforeSuite(org.testng.ITestContext)[pri:0, instance:com.pp.ios.auto.SanityIos@a4102b8]" name="setupBeforeSuite" is-config="true" duration-ms="148088" started-at="2015-02-16T15:40:46Z" finished-at="2015-02-16T15:43:14Z">
          <params>
            <param index="0">
              <value>
                <![CDATA[org.testng.TestRunner@538613b3]]>
              </value>
            </param>
          </params>
          <reporter-output>
          </reporter-output>
        </test-method> <!-- setupBeforeSuite -->
        <test-method status="PASS" signature="checkHomeScreen()[pri:0, instance:com.pp.ios.auto.SanityIos@a4102b8]" name="checkHomeScreen" is-config="true" duration-ms="2656" started-at="2015-02-16T15:43:14Z" finished-at="2015-02-16T15:43:16Z">
          <reporter-output>
          </reporter-output>
        </test-method> <!-- checkHomeScreen -->
        <test-method status="PASS" signature="settingsBackupEnableDisableDuringUpload()[pri:0, instance:com.pp.ios.auto.SanityIos@a4102b8]" name="settingsBackupEnableDisableDuringUpload" duration-ms="494887" started-at="2015-02-16T15:43:16Z" description="Settings: Backup Enable/disable *with upload in the background" finished-at="2015-02-16T15:51:31Z">
          <reporter-output>
          </reporter-output>
        </test-method> <!-- settingsBackupEnableDisableDuringUpload -->
        <test-method status="PASS" signature="tearDown()[pri:0, instance:com.pp.ios.auto.SanityIos@a4102b8]" name="tearDown" is-config="true" duration-ms="3345" started-at="2015-02-16T15:51:31Z" finished-at="2015-02-16T15:51:35Z">
          <reporter-output>
          </reporter-output>
        </test-method> <!-- tearDown -->
      </class> <!-- com.pp.ios.auto.SanityIos -->
    </test> <!-- Sanity Tests -->
  </suite> <!-- Suite -->
</testng-results>
